Fri, 23 Jan 2015 06:51:57 GMT pluto:libs:queue Listening to redis-server localhost:6379:a
Fri, 23 Jan 2015 06:51:57 GMT pluto:libs:elasticsearch Connected to elasticsearch localhost:9200
Fri, 23 Jan 2015 06:51:59 GMT pluto:daemon:express Express server listening on port 8097. for express request.
Release all 0 express accounts id
error: Forever detected script exited with code: null
Fri, 23 Jan 2015 10:15:08 GMT pluto:libs:queue Listening to redis-server localhost:6379:a
Fri, 23 Jan 2015 10:15:08 GMT pluto:libs:elasticsearch Connected to elasticsearch localhost:9200
Fri, 23 Jan 2015 10:15:12 GMT pluto:daemon:express Express server listening on port 8097. for express request.
Release all 0 express accounts id
error: Forever detected script exited with code: null
Fri, 23 Jan 2015 10:20:42 GMT pluto:libs:queue Listening to redis-server localhost:6379:a
Fri, 23 Jan 2015 10:20:42 GMT pluto:libs:elasticsearch Connected to elasticsearch localhost:9200
Fri, 23 Jan 2015 10:20:45 GMT pluto:daemon:express Express server listening on port 8097. for express request.
Release all 0 express accounts id
BLOCKED FOR 19ms
error: Forever detected script exited with code: null
Mon, 26 Jan 2015 03:26:52 GMT pluto:libs:queue Listening to redis-server localhost:6379:a
Mon, 26 Jan 2015 03:26:52 GMT pluto:libs:elasticsearch Connected to elasticsearch localhost:9200
Mon, 26 Jan 2015 03:27:05 GMT pluto:daemon:express Express server listening on port 8097. for express request.
Release all 0 express accounts id
Mon, 26 Jan 2015 04:06:21 GMT pluto:libs:queue Listening to redis-server localhost:6379:a
Mon, 26 Jan 2015 04:06:21 GMT pluto:libs:elasticsearch Connected to elasticsearch localhost:9200
Mon, 26 Jan 2015 04:06:26 GMT pluto:daemon:express Error: 
 Error: listen EADDRINUSE
    at errnoException (net.js:904:11)
    at Server._listen2 (net.js:1042:14)
    at listen (net.js:1064:10)
    at Server.listen (net.js:1138:5)
    at Function.app.listen (/opt/lampp/htdocs/projectScrape/scrapePluto/node_modules/express/lib/application.js:556:24)
    at listen (/opt/lampp/htdocs/projectScrape/scrapePluto/bin/daemon:52:21)
    at Object.<anonymous> (/opt/lampp/htdocs/projectScrape/scrapePluto/libs/Scraper/Express/daemon_express.js:2:1)
    at Module._compile (module.js:456:26)
    at Object.Module._extensions..js (module.js:474:10)
    at Module.load (module.js:356:32)
Release all 0 express accounts id
BLOCKED FOR 10ms
BLOCKED FOR 18ms
BLOCKED FOR 32ms
error: Forever detected script exited with code: null
