Fri, 23 Jan 2015 06:51:57 GMT pluto:libs:queue Listening to redis-server localhost:6379:a
Fri, 23 Jan 2015 06:51:57 GMT pluto:libs:elasticsearch Connected to elasticsearch localhost:9200
Fri, 23 Jan 2015 06:51:59 GMT pluto:daemon:garuda Express server listening on port 3000. for garuda request.
Release all 0 garuda accounts id
BLOCKED FOR 14ms
BLOCKED FOR 14ms
BLOCKED FOR 13ms
error: Forever detected script exited with code: null
Fri, 23 Jan 2015 10:15:08 GMT pluto:libs:queue Listening to redis-server localhost:6379:a
Fri, 23 Jan 2015 10:15:08 GMT pluto:libs:elasticsearch Connected to elasticsearch localhost:9200
Fri, 23 Jan 2015 10:15:12 GMT pluto:daemon:garuda Express server listening on port 3000. for garuda request.
Release all 0 garuda accounts id
error: Forever detected script exited with code: null
Fri, 23 Jan 2015 10:20:43 GMT pluto:libs:queue Listening to redis-server localhost:6379:a
Fri, 23 Jan 2015 10:20:43 GMT pluto:libs:elasticsearch Connected to elasticsearch localhost:9200
Fri, 23 Jan 2015 10:20:45 GMT pluto:daemon:garuda Express server listening on port 3000. for garuda request.
Release all 0 garuda accounts id
BLOCKED FOR 14ms
BLOCKED FOR 32ms
error: Forever detected script exited with code: null
Mon, 26 Jan 2015 03:26:51 GMT pluto:libs:queue Listening to redis-server localhost:6379:a
Mon, 26 Jan 2015 03:26:52 GMT pluto:libs:elasticsearch Connected to elasticsearch localhost:9200
Mon, 26 Jan 2015 03:27:05 GMT pluto:daemon:garuda Express server listening on port 3000. for garuda request.
Release all 0 garuda accounts id
BLOCKED FOR 10ms
Mon, 26 Jan 2015 04:06:21 GMT pluto:libs:queue Listening to redis-server localhost:6379:a
Mon, 26 Jan 2015 04:06:21 GMT pluto:libs:elasticsearch Connected to elasticsearch localhost:9200
Mon, 26 Jan 2015 04:06:26 GMT pluto:daemon:garuda Express server listening on port 3000. for garuda request.
Release all 0 garuda accounts id
BLOCKED FOR 13ms
BLOCKED FOR 15ms
BLOCKED FOR 13ms
error: Forever detected script exited with code: null
BLOCKED FOR 15ms
