Fri, 23 Jan 2015 10:20:44 GMT pluto:libs:queue Listening to redis-server localhost:6379:a
Fri, 23 Jan 2015 10:20:44 GMT pluto:libs:elasticsearch Connected to elasticsearch localhost:9200
Fri, 23 Jan 2015 10:20:44 GMT pluto Express server listening on port 3000
Fri, 23 Jan 2015 10:20:44 GMT pluto:models:cookies { citilink: 3, lion: 2 }
Release all 3 citilink accounts id
Release all 2 lion accounts id
BLOCKED FOR 10ms
Fri, 23 Jan 2015 10:27:11 GMT pluto:libs:queue Listening to redis-server localhost:6379:a
Fri, 23 Jan 2015 10:27:11 GMT pluto:libs:elasticsearch Connected to elasticsearch localhost:9200
Fri, 23 Jan 2015 10:27:11 GMT pluto Error: 
 Error: listen EADDRINUSE
    at errnoException (net.js:904:11)
    at Server._listen2 (net.js:1042:14)
    at listen (net.js:1064:10)
    at Server.listen (net.js:1138:5)
    at Function.app.listen (/opt/lampp/htdocs/projectScrape/scrapePluto/node_modules/express/lib/application.js:556:24)
    at Object.<anonymous> (/opt/lampp/htdocs/projectScrape/scrapePluto/bin/www:5:18)
    at Module._compile (module.js:456:26)
    at Object.Module._extensions..js (module.js:474:10)
    at Module.load (module.js:356:32)
    at Function.Module._load (module.js:312:12)
Fri, 23 Jan 2015 10:27:11 GMT pluto:models:cookies { citilink: 3, lion: 2 }
Release all 3 citilink accounts id
Release all 2 lion accounts id
Fri, 23 Jan 2015 10:29:51 GMT pluto:libs:queue Listening to redis-server localhost:6379:a
Fri, 23 Jan 2015 10:29:51 GMT pluto:libs:elasticsearch Connected to elasticsearch localhost:9200
Fri, 23 Jan 2015 10:29:52 GMT pluto Error: 
 Error: listen EADDRINUSE
    at errnoException (net.js:904:11)
    at Server._listen2 (net.js:1042:14)
    at listen (net.js:1064:10)
    at Server.listen (net.js:1138:5)
    at Function.app.listen (/opt/lampp/htdocs/projectScrape/scrapePluto/node_modules/express/lib/application.js:556:24)
    at Object.<anonymous> (/opt/lampp/htdocs/projectScrape/scrapePluto/bin/www:5:18)
    at Module._compile (module.js:456:26)
    at Object.Module._extensions..js (module.js:474:10)
    at Module.load (module.js:356:32)
    at Function.Module._load (module.js:312:12)
Fri, 23 Jan 2015 10:29:52 GMT pluto:models:cookies { citilink: 3, lion: 2 }
Release all 3 citilink accounts id
Release all 2 lion accounts id
Fri, 23 Jan 2015 10:31:38 GMT pluto:libs:queue Listening to redis-server localhost:6379:a
Fri, 23 Jan 2015 10:31:38 GMT pluto:libs:elasticsearch Connected to elasticsearch localhost:9200
Fri, 23 Jan 2015 10:31:38 GMT pluto Error: 
 Error: listen EADDRINUSE
    at errnoException (net.js:904:11)
    at Server._listen2 (net.js:1042:14)
    at listen (net.js:1064:10)
    at Server.listen (net.js:1138:5)
    at Function.app.listen (/opt/lampp/htdocs/projectScrape/scrapePluto/node_modules/express/lib/application.js:556:24)
    at Object.<anonymous> (/opt/lampp/htdocs/projectScrape/scrapePluto/bin/www:5:18)
    at Module._compile (module.js:456:26)
    at Object.Module._extensions..js (module.js:474:10)
    at Module.load (module.js:356:32)
    at Function.Module._load (module.js:312:12)
Fri, 23 Jan 2015 10:31:38 GMT pluto:models:cookies { citilink: 3, lion: 2 }
Release all 3 citilink accounts id
Release all 2 lion accounts id
Fri, 23 Jan 2015 10:51:20 GMT pluto:libs:queue Listening to redis-server localhost:6379:a
Fri, 23 Jan 2015 10:51:20 GMT pluto:libs:elasticsearch Connected to elasticsearch localhost:9200
Fri, 23 Jan 2015 10:51:21 GMT pluto Error: 
 Error: listen EADDRINUSE
    at errnoException (net.js:904:11)
    at Server._listen2 (net.js:1042:14)
    at listen (net.js:1064:10)
    at Server.listen (net.js:1138:5)
    at Function.app.listen (/opt/lampp/htdocs/projectScrape/scrapePluto/node_modules/express/lib/application.js:556:24)
    at Object.<anonymous> (/opt/lampp/htdocs/projectScrape/scrapePluto/bin/www:5:18)
    at Module._compile (module.js:456:26)
    at Object.Module._extensions..js (module.js:474:10)
    at Module.load (module.js:356:32)
    at Function.Module._load (module.js:312:12)
BLOCKED FOR 129ms
Fri, 23 Jan 2015 10:51:21 GMT pluto:models:cookies { citilink: 3, lion: 2 }
Release all 3 citilink accounts id
Release all 2 lion accounts id
Fri, 23 Jan 2015 10:59:21 GMT pluto:libs:queue Listening to redis-server localhost:6379:a
Fri, 23 Jan 2015 10:59:21 GMT pluto:libs:elasticsearch Connected to elasticsearch localhost:9200
Fri, 23 Jan 2015 10:59:21 GMT pluto Error: 
 Error: listen EADDRINUSE
    at errnoException (net.js:904:11)
    at Server._listen2 (net.js:1042:14)
    at listen (net.js:1064:10)
    at Server.listen (net.js:1138:5)
    at Function.app.listen (/opt/lampp/htdocs/projectScrape/scrapePluto/node_modules/express/lib/application.js:556:24)
    at Object.<anonymous> (/opt/lampp/htdocs/projectScrape/scrapePluto/bin/www:5:18)
    at Module._compile (module.js:456:26)
    at Object.Module._extensions..js (module.js:474:10)
    at Module.load (module.js:356:32)
    at Function.Module._load (module.js:312:12)
Fri, 23 Jan 2015 10:59:21 GMT pluto:models:cookies { citilink: 3, lion: 2 }
Release all 3 citilink accounts id
Release all 2 lion accounts id
Fri, 23 Jan 2015 11:02:45 GMT pluto:libs:queue Listening to redis-server localhost:6379:a
Fri, 23 Jan 2015 11:02:45 GMT pluto:libs:elasticsearch Connected to elasticsearch localhost:9200
Fri, 23 Jan 2015 11:02:45 GMT pluto Error: 
 Error: listen EADDRINUSE
    at errnoException (net.js:904:11)
    at Server._listen2 (net.js:1042:14)
    at listen (net.js:1064:10)
    at Server.listen (net.js:1138:5)
    at Function.app.listen (/opt/lampp/htdocs/projectScrape/scrapePluto/node_modules/express/lib/application.js:556:24)
    at Object.<anonymous> (/opt/lampp/htdocs/projectScrape/scrapePluto/bin/www:5:18)
    at Module._compile (module.js:456:26)
    at Object.Module._extensions..js (module.js:474:10)
    at Module.load (module.js:356:32)
    at Function.Module._load (module.js:312:12)
Fri, 23 Jan 2015 11:02:45 GMT pluto:models:cookies { citilink: 3, lion: 2 }
Release all 3 citilink accounts id
Release all 2 lion accounts id
BLOCKED FOR 11ms
Fri, 23 Jan 2015 11:06:25 GMT pluto:libs:queue Listening to redis-server localhost:6379:a
Fri, 23 Jan 2015 11:06:25 GMT pluto:libs:elasticsearch Connected to elasticsearch localhost:9200
Fri, 23 Jan 2015 11:06:25 GMT pluto Error: 
 Error: listen EADDRINUSE
    at errnoException (net.js:904:11)
    at Server._listen2 (net.js:1042:14)
    at listen (net.js:1064:10)
    at Server.listen (net.js:1138:5)
    at Function.app.listen (/opt/lampp/htdocs/projectScrape/scrapePluto/node_modules/express/lib/application.js:556:24)
    at Object.<anonymous> (/opt/lampp/htdocs/projectScrape/scrapePluto/bin/www:5:18)
    at Module._compile (module.js:456:26)
    at Object.Module._extensions..js (module.js:474:10)
    at Module.load (module.js:356:32)
    at Function.Module._load (module.js:312:12)
Fri, 23 Jan 2015 11:06:25 GMT pluto:models:cookies { citilink: 3, lion: 2 }
Release all 3 citilink accounts id
Release all 2 lion accounts id
BLOCKED FOR 10ms
Fri, 23 Jan 2015 11:06:50 GMT pluto:libs:queue Listening to redis-server localhost:6379:a
Fri, 23 Jan 2015 11:06:51 GMT pluto:libs:elasticsearch Connected to elasticsearch localhost:9200
Fri, 23 Jan 2015 11:06:52 GMT pluto Error: 
 Error: listen EADDRINUSE
    at errnoException (net.js:904:11)
    at Server._listen2 (net.js:1042:14)
    at listen (net.js:1064:10)
    at Server.listen (net.js:1138:5)
    at Function.app.listen (/opt/lampp/htdocs/projectScrape/scrapePluto/node_modules/express/lib/application.js:556:24)
    at Object.<anonymous> (/opt/lampp/htdocs/projectScrape/scrapePluto/bin/www:5:18)
    at Module._compile (module.js:456:26)
    at Object.Module._extensions..js (module.js:474:10)
    at Module.load (module.js:356:32)
    at Function.Module._load (module.js:312:12)
BLOCKED FOR 129ms
Release all 3 citilink accounts id
Release all 2 lion accounts id
Fri, 23 Jan 2015 11:06:52 GMT pluto:models:cookies { citilink: 3, lion: 2 }
BLOCKED FOR 18ms
BLOCKED FOR 11ms
BLOCKED FOR 11ms
BLOCKED FOR 11ms
BLOCKED FOR 11ms
BLOCKED FOR 12ms
BLOCKED FOR 11ms
BLOCKED FOR 12ms
BLOCKED FOR 41ms
BLOCKED FOR 56ms
BLOCKED FOR 10ms
BLOCKED FOR 10ms
BLOCKED FOR 10ms
BLOCKED FOR 29ms
BLOCKED FOR 174ms
BLOCKED FOR 71ms
BLOCKED FOR 66ms
BLOCKED FOR 10ms
Fri, 23 Jan 2015 12:55:46 GMT pluto:libs:queue Listening to redis-server localhost:6379:a
Fri, 23 Jan 2015 12:55:46 GMT pluto:libs:elasticsearch Connected to elasticsearch localhost:9200
Fri, 23 Jan 2015 12:55:47 GMT pluto Error: 
 Error: listen EADDRINUSE
    at errnoException (net.js:904:11)
    at Server._listen2 (net.js:1042:14)
    at listen (net.js:1064:10)
    at Server.listen (net.js:1138:5)
    at Function.app.listen (/opt/lampp/htdocs/projectScrape/scrapePluto/node_modules/express/lib/application.js:556:24)
    at Object.<anonymous> (/opt/lampp/htdocs/projectScrape/scrapePluto/bin/www:5:18)
    at Module._compile (module.js:456:26)
    at Object.Module._extensions..js (module.js:474:10)
    at Module.load (module.js:356:32)
    at Function.Module._load (module.js:312:12)
BLOCKED FOR 736ms
Release all 3 citilink accounts id
Release all 2 lion accounts id
Fri, 23 Jan 2015 12:55:48 GMT pluto:models:cookies { citilink: 3, lion: 2 }
Fri, 23 Jan 2015 12:56:24 GMT pluto:libs:queue Listening to redis-server localhost:6379:a
Fri, 23 Jan 2015 12:56:24 GMT pluto:libs:elasticsearch Connected to elasticsearch localhost:9200
Fri, 23 Jan 2015 12:56:26 GMT pluto Error: 
 Error: listen EADDRINUSE
    at errnoException (net.js:904:11)
    at Server._listen2 (net.js:1042:14)
    at listen (net.js:1064:10)
    at Server.listen (net.js:1138:5)
    at Function.app.listen (/opt/lampp/htdocs/projectScrape/scrapePluto/node_modules/express/lib/application.js:556:24)
    at Object.<anonymous> (/opt/lampp/htdocs/projectScrape/scrapePluto/bin/www:5:18)
    at Module._compile (module.js:456:26)
    at Object.Module._extensions..js (module.js:474:10)
    at Module.load (module.js:356:32)
    at Function.Module._load (module.js:312:12)
BLOCKED FOR 331ms
Fri, 23 Jan 2015 12:56:26 GMT pluto:models:cookies { citilink: 3, lion: 2 }
Release all 3 citilink accounts id
Release all 2 lion accounts id
Fri, 23 Jan 2015 12:56:39 GMT pluto:libs:queue Listening to redis-server localhost:6379:a
Fri, 23 Jan 2015 12:56:39 GMT pluto:libs:elasticsearch Connected to elasticsearch localhost:9200
Fri, 23 Jan 2015 12:56:39 GMT pluto Error: 
 Error: listen EADDRINUSE
    at errnoException (net.js:904:11)
    at Server._listen2 (net.js:1042:14)
    at listen (net.js:1064:10)
    at Server.listen (net.js:1138:5)
    at Function.app.listen (/opt/lampp/htdocs/projectScrape/scrapePluto/node_modules/express/lib/application.js:556:24)
    at Object.<anonymous> (/opt/lampp/htdocs/projectScrape/scrapePluto/bin/www:5:18)
    at Module._compile (module.js:456:26)
    at Object.Module._extensions..js (module.js:474:10)
    at Module.load (module.js:356:32)
    at Function.Module._load (module.js:312:12)
Fri, 23 Jan 2015 12:56:39 GMT pluto:models:cookies { citilink: 3, lion: 2 }
Release all 3 citilink accounts id
Release all 2 lion accounts id
Fri, 23 Jan 2015 12:57:03 GMT pluto:libs:queue Listening to redis-server localhost:6379:a
Fri, 23 Jan 2015 12:57:03 GMT pluto:libs:elasticsearch Connected to elasticsearch localhost:9200
Fri, 23 Jan 2015 12:57:04 GMT pluto Error: 
 Error: listen EADDRINUSE
    at errnoException (net.js:904:11)
    at Server._listen2 (net.js:1042:14)
    at listen (net.js:1064:10)
    at Server.listen (net.js:1138:5)
    at Function.app.listen (/opt/lampp/htdocs/projectScrape/scrapePluto/node_modules/express/lib/application.js:556:24)
    at Object.<anonymous> (/opt/lampp/htdocs/projectScrape/scrapePluto/bin/www:5:18)
    at Module._compile (module.js:456:26)
    at Object.Module._extensions..js (module.js:474:10)
    at Module.load (module.js:356:32)
    at Function.Module._load (module.js:312:12)
Fri, 23 Jan 2015 12:57:04 GMT pluto:models:cookies { citilink: 3, lion: 2 }
Release all 3 citilink accounts id
Release all 2 lion accounts id
Fri, 23 Jan 2015 12:57:24 GMT pluto:libs:queue Listening to redis-server localhost:6379:a
Fri, 23 Jan 2015 12:57:24 GMT pluto:libs:elasticsearch Connected to elasticsearch localhost:9200
Fri, 23 Jan 2015 12:57:25 GMT pluto Error: 
 Error: listen EADDRINUSE
    at errnoException (net.js:904:11)
    at Server._listen2 (net.js:1042:14)
    at listen (net.js:1064:10)
    at Server.listen (net.js:1138:5)
    at Function.app.listen (/opt/lampp/htdocs/projectScrape/scrapePluto/node_modules/express/lib/application.js:556:24)
    at Object.<anonymous> (/opt/lampp/htdocs/projectScrape/scrapePluto/bin/www:5:18)
    at Module._compile (module.js:456:26)
    at Object.Module._extensions..js (module.js:474:10)
    at Module.load (module.js:356:32)
    at Function.Module._load (module.js:312:12)
Fri, 23 Jan 2015 12:57:25 GMT pluto:models:cookies { citilink: 3, lion: 2 }
Release all 3 citilink accounts id
Release all 2 lion accounts id
BLOCKED FOR 1797ms
BLOCKED FOR 1798ms
BLOCKED FOR 197ms
BLOCKED FOR 193ms
Fri, 23 Jan 2015 12:58:19 GMT pluto:libs:queue Listening to redis-server localhost:6379:a
Fri, 23 Jan 2015 12:58:19 GMT pluto:libs:elasticsearch Connected to elasticsearch localhost:9200
Fri, 23 Jan 2015 12:58:21 GMT pluto Error: 
 Error: listen EADDRINUSE
    at errnoException (net.js:904:11)
    at Server._listen2 (net.js:1042:14)
    at listen (net.js:1064:10)
    at Server.listen (net.js:1138:5)
    at Function.app.listen (/opt/lampp/htdocs/projectScrape/scrapePluto/node_modules/express/lib/application.js:556:24)
    at Object.<anonymous> (/opt/lampp/htdocs/projectScrape/scrapePluto/bin/www:5:18)
    at Module._compile (module.js:456:26)
    at Object.Module._extensions..js (module.js:474:10)
    at Module.load (module.js:356:32)
    at Function.Module._load (module.js:312:12)
BLOCKED FOR 201ms
Fri, 23 Jan 2015 12:58:21 GMT pluto:models:cookies { citilink: 3, lion: 2 }
Release all 3 citilink accounts id
Release all 2 lion accounts id
error: Forever detected script exited with code: null
error: Forever detected script exited with code: null
error: Forever detected script exited with code: null
error: Forever detected script exited with code: null
error: Forever detected script exited with code: null
error: Forever detected script exited with code: null
error: Forever detected script exited with code: null
error: Forever detected script exited with code: null
error: Forever detected script exited with code: null
error: Forever detected script exited with code: null
error: Forever detected script exited with code: null
error: Forever detected script exited with code: null
error: Forever detected script exited with code: null
error: Forever detected script exited with code: null
error: Forever detected script exited with code: null
Mon, 26 Jan 2015 03:26:52 GMT pluto:libs:queue Listening to redis-server localhost:6379:a
Mon, 26 Jan 2015 03:26:52 GMT pluto:libs:elasticsearch Connected to elasticsearch localhost:9200
Mon, 26 Jan 2015 03:26:54 GMT pluto Express server listening on port 3000
BLOCKED FOR 250ms
Mon, 26 Jan 2015 03:26:54 GMT pluto:models:cookies { citilink: 3, lion: 2 }
Release all 3 citilink accounts id
Release all 2 lion accounts id
Mon, 26 Jan 2015 03:27:13 GMT pluto:libs:queue Listening to redis-server localhost:6379:a
Mon, 26 Jan 2015 03:27:13 GMT pluto:libs:elasticsearch Connected to elasticsearch localhost:9200
Mon, 26 Jan 2015 03:27:13 GMT pluto Error: 
 Error: listen EADDRINUSE
    at errnoException (net.js:904:11)
    at Server._listen2 (net.js:1042:14)
    at listen (net.js:1064:10)
    at Server.listen (net.js:1138:5)
    at Function.app.listen (/opt/lampp/htdocs/projectScrape/scrapePluto/node_modules/express/lib/application.js:556:24)
    at Object.<anonymous> (/opt/lampp/htdocs/projectScrape/scrapePluto/bin/www:5:18)
    at Module._compile (module.js:456:26)
    at Object.Module._extensions..js (module.js:474:10)
    at Module.load (module.js:356:32)
    at Function.Module._load (module.js:312:12)
Mon, 26 Jan 2015 03:27:13 GMT pluto:models:cookies { citilink: 3, lion: 2 }
Release all 3 citilink accounts id
Release all 2 lion accounts id
Mon, 26 Jan 2015 03:46:47 GMT pluto:libs:queue Listening to redis-server localhost:6379:a
Mon, 26 Jan 2015 03:46:47 GMT pluto:libs:elasticsearch Connected to elasticsearch localhost:9200
Mon, 26 Jan 2015 03:46:47 GMT pluto Error: 
 Error: listen EADDRINUSE
    at errnoException (net.js:904:11)
    at Server._listen2 (net.js:1042:14)
    at listen (net.js:1064:10)
    at Server.listen (net.js:1138:5)
    at Function.app.listen (/opt/lampp/htdocs/projectScrape/scrapePluto/node_modules/express/lib/application.js:556:24)
    at Object.<anonymous> (/opt/lampp/htdocs/projectScrape/scrapePluto/bin/www:5:18)
    at Module._compile (module.js:456:26)
    at Object.Module._extensions..js (module.js:474:10)
    at Module.load (module.js:356:32)
    at Function.Module._load (module.js:312:12)
Mon, 26 Jan 2015 03:46:47 GMT pluto:models:cookies { citilink: 3, lion: 2 }
Release all 3 citilink accounts id
Release all 2 lion accounts id
Mon, 26 Jan 2015 03:47:53 GMT pluto:libs:queue Listening to redis-server localhost:6379:a
Mon, 26 Jan 2015 03:47:53 GMT pluto:libs:elasticsearch Connected to elasticsearch localhost:9200
Mon, 26 Jan 2015 03:47:53 GMT pluto Error: 
 Error: listen EADDRINUSE
    at errnoException (net.js:904:11)
    at Server._listen2 (net.js:1042:14)
    at listen (net.js:1064:10)
    at Server.listen (net.js:1138:5)
    at Function.app.listen (/opt/lampp/htdocs/projectScrape/scrapePluto/node_modules/express/lib/application.js:556:24)
    at Object.<anonymous> (/opt/lampp/htdocs/projectScrape/scrapePluto/bin/www:5:18)
    at Module._compile (module.js:456:26)
    at Object.Module._extensions..js (module.js:474:10)
    at Module.load (module.js:356:32)
    at Function.Module._load (module.js:312:12)
Mon, 26 Jan 2015 03:47:53 GMT pluto:models:cookies { citilink: 3, lion: 2 }
Release all 3 citilink accounts id
Release all 2 lion accounts id
Mon, 26 Jan 2015 03:54:54 GMT pluto:libs:queue Listening to redis-server localhost:6379:a
Mon, 26 Jan 2015 03:54:54 GMT pluto:libs:elasticsearch Connected to elasticsearch localhost:9200
Mon, 26 Jan 2015 03:54:55 GMT pluto Error: 
 Error: listen EADDRINUSE
    at errnoException (net.js:904:11)
    at Server._listen2 (net.js:1042:14)
    at listen (net.js:1064:10)
    at Server.listen (net.js:1138:5)
    at Function.app.listen (/opt/lampp/htdocs/projectScrape/scrapePluto/node_modules/express/lib/application.js:556:24)
    at Object.<anonymous> (/opt/lampp/htdocs/projectScrape/scrapePluto/bin/www:5:18)
    at Module._compile (module.js:456:26)
    at Object.Module._extensions..js (module.js:474:10)
    at Module.load (module.js:356:32)
    at Function.Module._load (module.js:312:12)
Mon, 26 Jan 2015 03:54:55 GMT pluto:models:cookies { citilink: 3, lion: 2 }
Release all 3 citilink accounts id
Release all 2 lion accounts id
Mon, 26 Jan 2015 04:06:22 GMT pluto:libs:queue Listening to redis-server localhost:6379:a
Mon, 26 Jan 2015 04:06:22 GMT pluto:libs:elasticsearch Connected to elasticsearch localhost:9200
Mon, 26 Jan 2015 04:06:22 GMT pluto Error: 
 Error: listen EADDRINUSE
    at errnoException (net.js:904:11)
    at Server._listen2 (net.js:1042:14)
    at listen (net.js:1064:10)
    at Server.listen (net.js:1138:5)
    at Function.app.listen (/opt/lampp/htdocs/projectScrape/scrapePluto/node_modules/express/lib/application.js:556:24)
    at Object.<anonymous> (/opt/lampp/htdocs/projectScrape/scrapePluto/bin/www:5:18)
    at Module._compile (module.js:456:26)
    at Object.Module._extensions..js (module.js:474:10)
    at Module.load (module.js:356:32)
    at Function.Module._load (module.js:312:12)
Mon, 26 Jan 2015 04:06:22 GMT pluto:models:cookies { citilink: 3, lion: 2 }
Release all 3 citilink accounts id
Release all 2 lion accounts id
Mon, 26 Jan 2015 04:13:55 GMT pluto:libs:queue Listening to redis-server localhost:6379:a
Mon, 26 Jan 2015 04:13:55 GMT pluto:libs:elasticsearch Connected to elasticsearch localhost:9200
Mon, 26 Jan 2015 04:13:55 GMT pluto Error: 
 Error: listen EADDRINUSE
    at errnoException (net.js:904:11)
    at Server._listen2 (net.js:1042:14)
    at listen (net.js:1064:10)
    at Server.listen (net.js:1138:5)
    at Function.app.listen (/opt/lampp/htdocs/projectScrape/scrapePluto/node_modules/express/lib/application.js:556:24)
    at Object.<anonymous> (/opt/lampp/htdocs/projectScrape/scrapePluto/bin/www:5:18)
    at Module._compile (module.js:456:26)
    at Object.Module._extensions..js (module.js:474:10)
    at Module.load (module.js:356:32)
    at Function.Module._load (module.js:312:12)
Mon, 26 Jan 2015 04:13:55 GMT pluto:models:cookies { citilink: 3, lion: 2 }
Release all 3 citilink accounts id
Release all 2 lion accounts id
BLOCKED FOR 10ms
BLOCKED FOR 40ms
BLOCKED FOR 13ms
BLOCKED FOR 11ms
BLOCKED FOR 12ms
BLOCKED FOR 24ms
BLOCKED FOR 12ms
BLOCKED FOR 103ms
BLOCKED FOR 115ms
BLOCKED FOR 81ms
BLOCKED FOR 12ms
BLOCKED FOR 12ms
BLOCKED FOR 32ms
error: Forever detected script exited with code: null
error: Forever detected script exited with code: null
error: Forever detected script exited with code: null
error: Forever detected script exited with code: null
error: Forever detected script exited with code: null
error: Forever detected script exited with code: null
BLOCKED FOR 19ms
